<?xml version="1.0" encoding="UTF-8"?>
<!-- Generated by org.testng.reporters.JUnitReportReporter -->
<testsuite skipped="0" hostname="ABA13W10PLP" name="codingRound.SignInTest" tests="1" failures="0" timestamp="02 Jul 2019 07:43:39 GMT" time="13.676" errors="0">
  <testcase name="testThatResultsAppearForAOneWayJourney" time="13.676" classname="codingRound.SignInTest"/>
</testsuite> <!-- codingRound.SignInTest -->
