<?xml version="1.0" encoding="UTF-8"?>
<!-- Generated by org.testng.reporters.JUnitReportReporter -->
<testsuite skipped="0" hostname="ABA13W10PLP" name="codingRound.FlightBookingTest" tests="1" failures="0" timestamp="02 Jul 2019 03:49:54 GMT" time="28.694" errors="0">
  <testcase name="testThatResultsAppearForAOneWayJourney" time="28.694" classname="codingRound.FlightBookingTest"/>
</testsuite> <!-- codingRound.FlightBookingTest -->
