<?xml version="1.0" encoding="UTF-8"?>
<!-- Generated by org.testng.reporters.JUnitReportReporter -->
<testsuite skipped="0" hostname="ABA13W10PLP" name="codingRound.HotelBookingTest" tests="1" failures="0" timestamp="02 Jul 2019 06:36:52 GMT" time="32.299" errors="0">
  <testcase name="testThatResultsAppearForAOneWayJourney" time="32.299" classname="codingRound.HotelBookingTest"/>
</testsuite> <!-- codingRound.HotelBookingTest -->
